<?xml version="1.0" encoding="UTF-8"?>
<!-- Generated by org.testng.reporters.JUnitXMLReporter -->
<testsuite ignored="0" hostname="aswin779" failures="1" tests="8" name="Test" time="138.416" errors="0" timestamp="2023-02-14T09:55:21 IST">
  <testcase classname="separatepackage.PracticeDataProviderTest" name="pdataprovidertest" time="0.03"/>
  <testcase classname="separatepackage.PracticeDataProviderTest" name="pdataprovidertest" time="0.006"/>
  <testcase classname="separatepackage.PracticeDataProviderTest" name="pdataprovidertest" time="0.001"/>
  <testcase classname="separatepackage.CreateContactWithOrganizationwithBaseTest" name="abajabadabatest" time="0.004"/>
  <testcase classname="separatepackage.CreateContactWithOrganizationwithBaseTest" name="createcontactwithoganizationtest" time="18.319"/>
  <testcase classname="separatepackage.CreateContactWithOrganizationwithBaseTest" name="jabajdbatest" time="0.003"/>
  <testcase classname="package1.CreatecontactpageWithPOMTest" name="createcontactpomtest" time="26.071"/>
  <testcase classname="package1.CreateContactTest" name="createcontacttest" time="5.542">
    <failure type="org.openqa.selenium.NoSuchWindowException" message="no such window: target window already closed
from unknown error: web view not found
  (Session info: MicrosoftEdge=110.0.1587.41)
Build info: version: &amp;apos;3.141.59&amp;apos;, revision: &amp;apos;e82be7d358&amp;apos;, time: &amp;apos;2018-11-14T08:17:03&amp;apos;
System info: host: &amp;apos;ASWIN779&amp;apos;, ip: &amp;apos;192.168.238.1&amp;apos;, os.name: &amp;apos;Windows 11&amp;apos;, os.arch: &amp;apos;amd64&amp;apos;, os.version: &amp;apos;10.0&amp;apos;, java.version: &amp;apos;19.0.2&amp;apos;
Driver info: org.openqa.selenium.edge.EdgeDriver
Capabilities {acceptInsecureCerts: false, browserName: msedge, browserVersion: 110.0.1587.41, javascriptEnabled: true, ms:edgeOptions: {debuggerAddress: localhost:51303}, msedge: {msedgedriverVersion: 110.0.1587.41 (dec2c0803210..., userDataDir: C:\Users\aswin\AppData\Loca...}, networkConnectionEnabled: false, pageLoadStrategy: normal, platform: WINDOWS, platformName: WINDOWS, proxy: Proxy(), setWindowRect: true, strictFileInteractability: false, timeouts: {implicit: 0, pageLoad: 300000, script: 30000}, unhandledPromptBehavior: dismiss and notify, webauthn:extension:credBlob: true, webauthn:extension:largeBlob: true, webauthn:virtualAuthenticators: true}
Session ID: 99cd2ef1f5989ecf8fc4cc50b8915155
*** Element info: {Using=xpath, value=//a[text()=&amp;apos;Contacts&amp;apos;]}">
      <![CDATA[org.openqa.selenium.NoSuchWindowException: no such window: target window already closed
from unknown error: web view not found
  (Session info: MicrosoftEdge=110.0.1587.41)
Build info: version: '3.141.59', revision: 'e82be7d358', time: '2018-11-14T08:17:03'
System info: host: 'ASWIN779', ip: '192.168.238.1', os.name: 'Windows 11', os.arch: 'amd64', os.version: '10.0', java.version: '19.0.2'
Driver info: org.openqa.selenium.edge.EdgeDriver
Capabilities {acceptInsecureCerts: false, browserName: msedge, browserVersion: 110.0.1587.41, javascriptEnabled: true, ms:edgeOptions: {debuggerAddress: localhost:51303}, msedge: {msedgedriverVersion: 110.0.1587.41 (dec2c0803210..., userDataDir: C:\Users\aswin\AppData\Loca...}, networkConnectionEnabled: false, pageLoadStrategy: normal, platform: WINDOWS, platformName: WINDOWS, proxy: Proxy(), setWindowRect: true, strictFileInteractability: false, timeouts: {implicit: 0, pageLoad: 300000, script: 30000}, unhandledPromptBehavior: dismiss and notify, webauthn:extension:credBlob: true, webauthn:extension:largeBlob: true, webauthn:virtualAuthenticators: true}
Session ID: 99cd2ef1f5989ecf8fc4cc50b8915155
*** Element info: {Using=xpath, value=//a[text()='Contacts']}
at org.openqa.selenium.remote.http.W3CHttpResponseCodec.createException(W3CHttpResponseCodec.java:187)
at org.openqa.selenium.remote.http.W3CHttpResponseCodec.decode(W3CHttpResponseCodec.java:122)
at org.openqa.selenium.remote.http.W3CHttpResponseCodec.decode(W3CHttpResponseCodec.java:49)
at org.openqa.selenium.remote.HttpCommandExecutor.execute(HttpCommandExecutor.java:158)
at org.openqa.selenium.remote.service.DriverCommandExecutor.execute(DriverCommandExecutor.java:83)
at org.openqa.selenium.remote.RemoteWebDriver.execute(RemoteWebDriver.java:552)
at org.openqa.selenium.remote.RemoteWebDriver.findElement(RemoteWebDriver.java:323)
at org.openqa.selenium.remote.RemoteWebDriver.findElementByXPath(RemoteWebDriver.java:428)
at org.openqa.selenium.By$ByXPath.findElement(By.java:353)
at org.openqa.selenium.remote.RemoteWebDriver.findElement(RemoteWebDriver.java:315)
at package1.CreateContactTest.createcontacttest(CreateContactTest.java:77)
at java.base/java.util.ArrayList.forEach(ArrayList.java:1511)
... Removed 28 stack frames]]>
    </failure>
  </testcase> <!-- createcontacttest -->
</testsuite> <!-- Test -->
